2018-11-03 20:30:07,047 [main] INFO  marytts.main Mary starting up...
2018-11-03 20:30:07,063 [main] INFO  marytts.main Specification version 5.2
2018-11-03 20:30:07,063 [main] INFO  marytts.main Implementation version unknown
2018-11-03 20:30:07,063 [main] INFO  marytts.main Running on a Java 1.8.0_191 implementation by Oracle Corporation, on a Windows 10 platform (amd64, 10.0)
2018-11-03 20:30:07,141 [main] INFO  marytts.ModuleRegistry Now initiating mary module 'marytts.modules.Synthesis'
2018-11-03 20:30:07,141 [main] INFO  marytts.ModuleRegistry Now initiating mary module 'marytts.modules.TextToMaryXML'
2018-11-03 20:30:07,141 [main] INFO  marytts.ModuleRegistry Now initiating mary module 'marytts.modules.SableParser'
2018-11-03 20:30:07,141 [main] INFO  marytts.ModuleRegistry Now initiating mary module 'marytts.modules.SSMLParser'
2018-11-03 20:30:07,157 [main] INFO  marytts.ModuleRegistry Now initiating mary module 'marytts.modules.APMLParser'
2018-11-03 20:30:07,157 [main] INFO  marytts.ModuleRegistry Now initiating mary module 'marytts.modules.EmotionmlParser'
2018-11-03 20:30:07,157 [main] INFO  marytts.ModuleRegistry Now initiating mary module 'marytts.modules.JTokeniser'
2018-11-03 20:30:07,157 [main] INFO  marytts.ModuleRegistry Now initiating mary module 'marytts.modules.DummyTokens2Words'
2018-11-03 20:30:07,157 [main] INFO  marytts.ModuleRegistry Now initiating mary module 'marytts.modules.ProsodyGeneric'
2018-11-03 20:30:07,157 [main] INFO  marytts.ModuleRegistry Now initiating mary module 'marytts.modules.PronunciationModel'
2018-11-03 20:30:07,157 [main] INFO  marytts.ModuleRegistry Now initiating mary module 'marytts.modules.TargetFeatureLister'
2018-11-03 20:30:07,157 [main] INFO  marytts.ModuleRegistry Now initiating mary module 'marytts.modules.HalfPhoneTargetFeatureLister'
2018-11-03 20:30:07,157 [main] INFO  marytts.ModuleRegistry Now initiating mary module 'marytts.modules.AcousticModeller'
2018-11-03 20:30:07,157 [main] INFO  marytts.ModuleRegistry Now initiating mary module 'marytts.modules.RealisedAcoustparamsExtractor'
2018-11-03 20:30:07,157 [main] INFO  marytts.ModuleRegistry Now initiating mary module 'marytts.modules.RealisedDurationsExtractor'
2018-11-03 20:30:07,157 [main] INFO  marytts.ModuleRegistry Now initiating mary module 'marytts.modules.HTSEngine'
2018-11-03 20:30:07,157 [main] INFO  marytts.ModuleRegistry Now initiating mary module 'marytts.modules.PraatTextGridGenerator'
2018-11-03 20:30:07,157 [main] INFO  marytts.ModuleRegistry Now initiating mary module 'marytts.language.en.JTokeniser'
2018-11-03 20:30:07,157 [main] INFO  marytts.ModuleRegistry Now initiating mary module 'marytts.language.en.Preprocess'
2018-11-03 20:30:07,282 [main] INFO  marytts.ModuleRegistry Now initiating mary module 'marytts.modules.JPhonemiser(en_US.)'
2018-11-03 20:30:07,297 [main] INFO  marytts.JPhonemiser User dictionary '.\user-dictionaries\userdict-en_US.txt' for locale 'en_US' does not exist. Ignoring.
2018-11-03 20:30:07,344 [main] INFO  marytts.ModuleRegistry Now initiating mary module 'marytts.modules.JPhonemiser(en_GB.)'
2018-11-03 20:30:07,344 [main] INFO  marytts.JPhonemiser User dictionary '.\user-dictionaries\userdict-en_GB.txt' for locale 'en_GB' does not exist. Ignoring.
2018-11-03 20:30:07,375 [main] INFO  marytts.ModuleRegistry Now initiating mary module 'marytts.language.en.Prosody'
2018-11-03 20:30:07,375 [main] INFO  marytts.ModuleRegistry Now initiating mary module 'marytts.modules.SimplePhoneme2AP(en_US)'
2018-11-03 20:30:07,375 [main] INFO  marytts.ModuleRegistry Now initiating mary module 'marytts.language.en.PronunciationModel'
2018-11-03 20:30:07,375 [main] INFO  marytts.ModuleRegistry Now initiating mary module 'marytts.modules.OpenNLPPosTagger(en,en.pos)'
2018-11-03 20:30:07,375 [main] INFO  marytts.UnitSelectionSynthesizer started.
2018-11-03 20:30:07,375 [main] INFO  marytts.TargetFeatureLister Module started (ACOUSTPARAMS->TARGETFEATURES, locale null).
2018-11-03 20:30:07,375 [main] INFO  marytts.HTSEngine Module started (TARGETFEATURES->AUDIO, locale null).
2018-11-03 20:30:07,407 [main] INFO  marytts.HMMData Loading Tree Set in CARTs:
2018-11-03 20:30:07,453 [main] INFO  marytts.HMMData Loading GV Model Set:
2018-11-03 20:30:07,563 [main] INFO  marytts.Voice Registering voice `cmu-rms-hsmm': male, locale en_US
2018-11-03 20:30:07,563 [main] INFO  marytts.Voice New default voice for locale en_US: cmu-rms-hsmm (desire 0)
2018-11-03 20:30:07,563 [main] INFO  marytts.HMMData Loading Tree Set in CARTs:
2018-11-03 20:30:07,594 [main] INFO  marytts.HMMData Loading GV Model Set:
2018-11-03 20:30:07,657 [main] INFO  marytts.Voice Registering voice `cmu-slt-hsmm': female, locale en_US
2018-11-03 20:30:07,657 [main] INFO  marytts.HMMData Loading Tree Set in CARTs:
2018-11-03 20:30:07,688 [main] INFO  marytts.HMMData Loading GV Model Set:
2018-11-03 20:30:07,735 [main] INFO  marytts.Voice Registering voice `dfki-poppy-hsmm': female, locale en_GB
2018-11-03 20:30:07,735 [main] INFO  marytts.Voice New default voice for locale en_GB: dfki-poppy-hsmm (desire 0)
2018-11-03 20:30:07,735 [main] INFO  marytts.HMMSynthesizer started.
2018-11-03 20:30:07,735 [main] INFO  marytts.Synthesis Module started (ACOUSTPARAMS->AUDIO, locale null).
2018-11-03 20:30:07,735 [main] INFO  marytts.HMMSynthesizer Starting power-on self test.
2018-11-03 20:30:07,735 [main] INFO  marytts.HMMSynthesizer Power-on self test complete.
2018-11-03 20:30:07,735 [main] INFO  marytts.TextToMaryXML Module started (TEXT->RAWMARYXML, locale null).
2018-11-03 20:30:07,735 [main] INFO  marytts.TextToMaryXML Starting power-on self test.
2018-11-03 20:30:07,750 [main] WARN  marytts.TextToMaryXML Locale is null, overriding with de_DE
2018-11-03 20:30:07,750 [main] WARN  marytts.TextToMaryXML Locale is null, overriding with de_DE
2018-11-03 20:30:07,750 [main] INFO  marytts.TextToMaryXML Power-on self test complete.
2018-11-03 20:30:07,844 [main] INFO  marytts.SableParser Module started (SABLE->RAWMARYXML, locale null).
2018-11-03 20:30:07,844 [main] INFO  marytts.SableParser Starting power-on self test.
2018-11-03 20:30:07,844 [main] INFO  marytts.SableParser Power-on self test complete.
2018-11-03 20:30:07,875 [main] INFO  marytts.SSMLParser Module started (SSML->RAWMARYXML, locale null).
2018-11-03 20:30:07,875 [main] INFO  marytts.SSMLParser Starting power-on self test.
2018-11-03 20:30:07,875 [main] INFO  marytts.SSMLParser Power-on self test complete.
2018-11-03 20:30:07,922 [main] INFO  marytts.APMLParser Module started (APML->RAWMARYXML, locale null).
2018-11-03 20:30:07,922 [main] INFO  marytts.APMLParser Starting power-on self test.
2018-11-03 20:30:07,922 [main] INFO  marytts.APMLParser Power-on self test complete.
2018-11-03 20:30:07,953 [main] INFO  marytts.EmotionmlParser Module started (EMOTIONML->RAWMARYXML, locale null).
2018-11-03 20:30:07,953 [main] INFO  marytts.EmotionmlParser Starting power-on self test.
2018-11-03 20:30:07,953 [main] INFO  marytts.EmotionmlParser Power-on self test complete.
2018-11-03 20:30:07,953 [main] INFO  marytts.JTokeniser Module started (RAWMARYXML->TOKENS, locale null).
2018-11-03 20:30:07,985 [main] INFO  marytts.JTokeniser Starting power-on self test.
2018-11-03 20:30:07,985 [main] INFO  marytts.JTokeniser Power-on self test complete.
2018-11-03 20:30:07,985 [main] INFO  marytts.DummyTokens2Words Module started (TOKENS->WORDS, locale null).
2018-11-03 20:30:07,985 [main] INFO  marytts.DummyTokens2Words Starting power-on self test.
2018-11-03 20:30:07,985 [main] INFO  marytts.DummyTokens2Words Power-on self test complete.
2018-11-03 20:30:07,985 [main] INFO  marytts.Prosody Module started (PHONEMES->INTONATION, locale null).
2018-11-03 20:30:07,985 [main] INFO  marytts.Prosody Starting power-on self test.
2018-11-03 20:30:07,985 [main] INFO  marytts.Prosody Power-on self test complete.
2018-11-03 20:30:07,985 [main] INFO  marytts.PronunciationModel Module started (INTONATION->ALLOPHONES, locale null).
2018-11-03 20:30:07,985 [main] INFO  marytts.PronunciationModel Starting power-on self test.
2018-11-03 20:30:07,985 [main] INFO  marytts.PronunciationModel Power-on self test complete.
2018-11-03 20:30:07,985 [main] INFO  marytts.TargetFeatureLister Starting power-on self test.
2018-11-03 20:30:07,985 [main] INFO  marytts.TargetFeatureLister Power-on self test complete.
2018-11-03 20:30:07,985 [main] INFO  marytts.TargetFeatureLister Module started (ACOUSTPARAMS->HALFPHONE_TARGETFEATURES, locale null).
2018-11-03 20:30:07,985 [main] INFO  marytts.TargetFeatureLister Starting power-on self test.
2018-11-03 20:30:07,985 [main] INFO  marytts.TargetFeatureLister Power-on self test complete.
2018-11-03 20:30:07,985 [main] INFO  marytts.AcousticModeller Module started (ALLOPHONES->ACOUSTPARAMS, locale null).
2018-11-03 20:30:07,985 [main] INFO  marytts.AcousticModeller Starting power-on self test.
2018-11-03 20:30:07,985 [main] INFO  marytts.AcousticModeller Power-on self test complete.
2018-11-03 20:30:07,985 [main] INFO  marytts.Realised acoustparams extractor Module started (AUDIO->REALISED_ACOUSTPARAMS, locale null).
2018-11-03 20:30:07,985 [main] INFO  marytts.Realised acoustparams extractor Starting power-on self test.
2018-11-03 20:30:07,985 [main] INFO  marytts.Realised acoustparams extractor Power-on self test complete.
2018-11-03 20:30:07,985 [main] INFO  marytts.Realised durations extractor Module started (AUDIO->REALISED_DURATIONS, locale null).
2018-11-03 20:30:07,985 [main] INFO  marytts.Realised durations extractor Starting power-on self test.
2018-11-03 20:30:07,985 [main] INFO  marytts.Realised durations extractor Power-on self test complete.
2018-11-03 20:30:07,985 [main] INFO  marytts.Praat TextGrid generator Module started (REALISED_ACOUSTPARAMS->PRAAT_TEXTGRID, locale null).
2018-11-03 20:30:07,985 [main] INFO  marytts.Praat TextGrid generator Starting power-on self test.
2018-11-03 20:30:07,985 [main] INFO  marytts.Praat TextGrid generator Power-on self test complete.
2018-11-03 20:30:07,985 [main] INFO  marytts.JTokeniser Module started (RAWMARYXML->TOKENS, locale en).
2018-11-03 20:30:08,000 [main] INFO  marytts.JTokeniser Starting power-on self test.
2018-11-03 20:30:08,000 [main] INFO  marytts.JTokeniser Power-on self test complete.
2018-11-03 20:30:08,000 [main] INFO  marytts.Preprocess Module started (TOKENS->WORDS, locale en).
2018-11-03 20:30:08,000 [main] INFO  marytts.Preprocess Starting power-on self test.
2018-11-03 20:30:08,000 [main] INFO  marytts.Preprocess Power-on self test complete.
2018-11-03 20:30:08,000 [main] INFO  marytts.JPhonemiser Module started (PARTSOFSPEECH->PHONEMES, locale en_US).
2018-11-03 20:30:08,000 [main] INFO  marytts.JPhonemiser Starting power-on self test.
2018-11-03 20:30:08,000 [main] INFO  marytts.JPhonemiser Power-on self test complete.
2018-11-03 20:30:08,000 [main] INFO  marytts.JPhonemiser Module started (PARTSOFSPEECH->PHONEMES, locale en_GB).
2018-11-03 20:30:08,000 [main] INFO  marytts.JPhonemiser Starting power-on self test.
2018-11-03 20:30:08,000 [main] INFO  marytts.JPhonemiser Power-on self test complete.
2018-11-03 20:30:08,000 [main] INFO  marytts.Prosody Module started (PHONEMES->INTONATION, locale en).
2018-11-03 20:30:08,000 [main] INFO  marytts.Prosody Starting power-on self test.
2018-11-03 20:30:08,000 [main] INFO  marytts.Prosody Power-on self test complete.
2018-11-03 20:30:08,000 [main] INFO  marytts.SimplePhoneme2AP Module started (SIMPLEPHONEMES->ACOUSTPARAMS, locale en_US).
2018-11-03 20:30:08,000 [main] INFO  marytts.SimplePhoneme2AP Starting power-on self test.
2018-11-03 20:30:08,016 [main] INFO  marytts.SimplePhoneme2AP Power-on self test complete.
2018-11-03 20:30:08,016 [main] INFO  marytts.PronunciationModel Module started (INTONATION->ALLOPHONES, locale en).
2018-11-03 20:30:08,016 [main] INFO  marytts.PronunciationModel Starting power-on self test.
2018-11-03 20:30:08,016 [main] INFO  marytts.PronunciationModel Power-on self test complete.
2018-11-03 20:30:08,016 [main] INFO  marytts.OpenNLPPosTagger Module started (WORDS->PARTSOFSPEECH, locale en).
2018-11-03 20:30:08,484 [main] INFO  marytts.OpenNLPPosTagger Starting power-on self test.
2018-11-03 20:30:08,484 [main] INFO  marytts.OpenNLPPosTagger Power-on self test complete.
2018-11-03 20:30:08,484 [main] INFO  marytts.main Startup complete.
2018-11-03 20:30:11,460 [pool-1-thread-2] INFO  marytts.R 1 New request (input type "TEXT", output type "AUDIO", voice "cmu-rms-hsmm", audio "WAVE")
2018-11-03 20:30:11,461 [pool-1-thread-2] INFO  marytts.R 1 Handling request using the following modules:
2018-11-03 20:30:11,461 [pool-1-thread-2] INFO  marytts.R 1 - TextToMaryXML (marytts.modules.TextToMaryXML)
2018-11-03 20:30:11,461 [pool-1-thread-2] INFO  marytts.R 1 Next module: TextToMaryXML
2018-11-03 20:30:11,462 [pool-1-thread-2] INFO  marytts.R 1 Handling request using the following modules:
2018-11-03 20:30:11,462 [pool-1-thread-2] INFO  marytts.R 1 - JTokeniser (marytts.language.en.JTokeniser)
2018-11-03 20:30:11,462 [pool-1-thread-2] INFO  marytts.R 1 - Preprocess (marytts.language.en.Preprocess)
2018-11-03 20:30:11,462 [pool-1-thread-2] INFO  marytts.R 1 - OpenNLPPosTagger (marytts.modules.OpenNLPPosTagger)
2018-11-03 20:30:11,462 [pool-1-thread-2] INFO  marytts.R 1 - JPhonemiser (marytts.modules.JPhonemiser)
2018-11-03 20:30:11,462 [pool-1-thread-2] INFO  marytts.R 1 - Prosody (marytts.language.en.Prosody)
2018-11-03 20:30:11,462 [pool-1-thread-2] INFO  marytts.R 1 - PronunciationModel (marytts.language.en.PronunciationModel)
2018-11-03 20:30:11,462 [pool-1-thread-2] INFO  marytts.R 1 - AcousticModeller (marytts.modules.AcousticModeller)
2018-11-03 20:30:11,462 [pool-1-thread-2] INFO  marytts.R 1 - Synthesis (marytts.modules.Synthesis)
2018-11-03 20:30:11,462 [pool-1-thread-2] INFO  marytts.R 1 Next module: JTokeniser
2018-11-03 20:30:11,464 [pool-1-thread-2] INFO  marytts.R 1 Next module: Preprocess
2018-11-03 20:30:11,465 [pool-1-thread-2] INFO  marytts.R 1 Next module: OpenNLPPosTagger
2018-11-03 20:30:11,468 [pool-1-thread-2] INFO  marytts.R 1 Next module: JPhonemiser
2018-11-03 20:30:11,469 [pool-1-thread-2] INFO  marytts.R 1 Next module: Prosody
2018-11-03 20:30:11,471 [pool-1-thread-2] INFO  marytts.R 1 Next module: PronunciationModel
2018-11-03 20:30:11,472 [pool-1-thread-2] INFO  marytts.R 1 Next module: AcousticModeller
2018-11-03 20:30:11,487 [pool-1-thread-2] INFO  marytts.ParameterGeneration Parameter generation for LF0: 
2018-11-03 20:30:11,487 [pool-1-thread-2] INFO  marytts.PStream Global variance optimization
2018-11-03 20:30:11,490 [pool-1-thread-2] INFO  marytts.PStream Gradient GV optimization for feature: (0)  number of iterations=20
2018-11-03 20:30:11,492 [pool-1-thread-2] INFO  marytts.R 1 Next module: Synthesis
2018-11-03 20:30:11,508 [pool-1-thread-2] INFO  marytts.HMMSynthesizer Synthesizing one sentence.
2018-11-03 20:30:11,509 [pool-1-thread-2] INFO  marytts.HTSEngine Using prosody from acoustparams.
2018-11-03 20:30:11,510 [pool-1-thread-2] INFO  marytts.HTSEngine Number of models in sentence numModel=22  Total number of states numState=110
2018-11-03 20:30:11,510 [pool-1-thread-2] INFO  marytts.HTSEngine Total number of frames=466  Number of voiced frames=232
2018-11-03 20:30:11,513 [pool-1-thread-2] INFO  marytts.ParameterGeneration Parameter generation for MGC: 
2018-11-03 20:30:11,513 [pool-1-thread-2] INFO  marytts.PStream Global variance optimization
2018-11-03 20:30:11,516 [pool-1-thread-2] INFO  marytts.PStream Gradient GV optimization for feature: (0)  number of iterations=2
2018-11-03 20:30:11,521 [pool-1-thread-2] INFO  marytts.PStream Gradient GV optimization for feature: (1)  number of iterations=19
2018-11-03 20:30:11,523 [pool-1-thread-2] INFO  marytts.PStream Gradient GV optimization for feature: (2)  number of iterations=3
2018-11-03 20:30:11,527 [pool-1-thread-2] INFO  marytts.PStream Gradient GV optimization for feature: (3)  number of iterations=21
2018-11-03 20:30:11,530 [pool-1-thread-2] INFO  marytts.PStream Gradient GV optimization for feature: (4)  number of iterations=26
2018-11-03 20:30:11,533 [pool-1-thread-2] INFO  marytts.PStream Gradient GV optimization for feature: (5)  number of iterations=25
2018-11-03 20:30:11,535 [pool-1-thread-2] INFO  marytts.PStream Gradient GV optimization for feature: (6)  number of iterations=15
2018-11-03 20:30:11,537 [pool-1-thread-2] INFO  marytts.PStream Gradient GV optimization for feature: (7)  number of iterations=17
2018-11-03 20:30:11,538 [pool-1-thread-2] INFO  marytts.PStream Gradient GV optimization for feature: (8)  number of iterations=12
2018-11-03 20:30:11,539 [pool-1-thread-2] INFO  marytts.PStream Gradient GV optimization for feature: (9)  number of iterations=3
2018-11-03 20:30:11,541 [pool-1-thread-2] INFO  marytts.PStream Gradient GV optimization for feature: (10)  number of iterations=22
2018-11-03 20:30:11,543 [pool-1-thread-2] INFO  marytts.PStream Gradient GV optimization for feature: (11)  number of iterations=15
2018-11-03 20:30:11,545 [pool-1-thread-2] INFO  marytts.PStream Gradient GV optimization for feature: (12)  number of iterations=9
2018-11-03 20:30:11,546 [pool-1-thread-2] INFO  marytts.PStream Gradient GV optimization for feature: (13)  number of iterations=13
2018-11-03 20:30:11,548 [pool-1-thread-2] INFO  marytts.PStream Gradient GV optimization for feature: (14)  number of iterations=24
2018-11-03 20:30:11,549 [pool-1-thread-2] INFO  marytts.PStream Gradient GV optimization for feature: (15)  number of iterations=18
2018-11-03 20:30:11,551 [pool-1-thread-2] INFO  marytts.PStream Gradient GV optimization for feature: (16)  number of iterations=23
2018-11-03 20:30:11,553 [pool-1-thread-2] INFO  marytts.PStream Gradient GV optimization for feature: (17)  number of iterations=8
2018-11-03 20:30:11,554 [pool-1-thread-2] INFO  marytts.PStream Gradient GV optimization for feature: (18)  number of iterations=11
2018-11-03 20:30:11,555 [pool-1-thread-2] INFO  marytts.PStream Gradient GV optimization for feature: (19)  number of iterations=10
2018-11-03 20:30:11,556 [pool-1-thread-2] INFO  marytts.PStream Gradient GV optimization for feature: (20)  number of iterations=10
2018-11-03 20:30:11,558 [pool-1-thread-2] INFO  marytts.PStream Gradient GV optimization for feature: (21)  number of iterations=6
2018-11-03 20:30:11,560 [pool-1-thread-2] INFO  marytts.PStream Gradient GV optimization for feature: (22)  number of iterations=22
2018-11-03 20:30:11,560 [pool-1-thread-2] INFO  marytts.PStream Gradient GV optimization for feature: (23)  number of iterations=9
2018-11-03 20:30:11,562 [pool-1-thread-2] INFO  marytts.PStream Gradient GV optimization for feature: (24)  number of iterations=18
2018-11-03 20:30:11,562 [pool-1-thread-2] INFO  marytts.ParameterGeneration Using f0 from maryXML acoustparams
2018-11-03 20:30:11,564 [pool-1-thread-2] INFO  marytts.PStream Global variance optimization
2018-11-03 20:30:11,566 [pool-1-thread-2] INFO  marytts.PStream Gradient GV optimization for feature: (0)  number of iterations=43
2018-11-03 20:30:11,568 [pool-1-thread-2] INFO  marytts.PStream Gradient GV optimization for feature: (1)  number of iterations=45
2018-11-03 20:30:11,570 [pool-1-thread-2] INFO  marytts.PStream Gradient GV optimization for feature: (2)  number of iterations=42
2018-11-03 20:30:11,573 [pool-1-thread-2] INFO  marytts.PStream Gradient GV optimization for feature: (3)  number of iterations=100
2018-11-03 20:30:11,574 [pool-1-thread-2] INFO  marytts.PStream Gradient GV optimization for feature: (4)  number of iterations=11
2018-11-03 20:30:11,578 [pool-1-thread-2] INFO  marytts.R 1 Request processed in 117 ms.
2018-11-03 20:30:11,578 [pool-1-thread-2] INFO  marytts.R 1    TextToMaryXML took 0 ms
2018-11-03 20:30:11,578 [pool-1-thread-2] INFO  marytts.R 1    JTokeniser took 2 ms
2018-11-03 20:30:11,578 [pool-1-thread-2] INFO  marytts.R 1    Preprocess took 1 ms
2018-11-03 20:30:11,578 [pool-1-thread-2] INFO  marytts.R 1    OpenNLPPosTagger took 3 ms
2018-11-03 20:30:11,578 [pool-1-thread-2] INFO  marytts.R 1    JPhonemiser took 1 ms
2018-11-03 20:30:11,579 [pool-1-thread-2] INFO  marytts.R 1    Prosody took 2 ms
2018-11-03 20:30:11,579 [pool-1-thread-2] INFO  marytts.R 1    PronunciationModel took 1 ms
2018-11-03 20:30:11,579 [pool-1-thread-2] INFO  marytts.R 1    AcousticModeller took 20 ms
2018-11-03 20:30:11,579 [pool-1-thread-2] INFO  marytts.R 1    Synthesis took 86 ms
2018-11-03 20:30:23,121 [pool-1-thread-2] INFO  marytts.R 1 New request (input type "TEXT", output type "AUDIO", voice "cmu-rms-hsmm", audio "WAVE")
2018-11-03 20:30:23,122 [pool-1-thread-2] INFO  marytts.R 1 Handling request using the following modules:
2018-11-03 20:30:23,122 [pool-1-thread-2] INFO  marytts.R 1 - TextToMaryXML (marytts.modules.TextToMaryXML)
2018-11-03 20:30:23,122 [pool-1-thread-2] INFO  marytts.R 1 Next module: TextToMaryXML
2018-11-03 20:30:23,122 [pool-1-thread-2] INFO  marytts.R 1 Handling request using the following modules:
2018-11-03 20:30:23,122 [pool-1-thread-2] INFO  marytts.R 1 - JTokeniser (marytts.language.en.JTokeniser)
2018-11-03 20:30:23,122 [pool-1-thread-2] INFO  marytts.R 1 - Preprocess (marytts.language.en.Preprocess)
2018-11-03 20:30:23,122 [pool-1-thread-2] INFO  marytts.R 1 - OpenNLPPosTagger (marytts.modules.OpenNLPPosTagger)
2018-11-03 20:30:23,122 [pool-1-thread-2] INFO  marytts.R 1 - JPhonemiser (marytts.modules.JPhonemiser)
2018-11-03 20:30:23,122 [pool-1-thread-2] INFO  marytts.R 1 - Prosody (marytts.language.en.Prosody)
2018-11-03 20:30:23,122 [pool-1-thread-2] INFO  marytts.R 1 - PronunciationModel (marytts.language.en.PronunciationModel)
2018-11-03 20:30:23,122 [pool-1-thread-2] INFO  marytts.R 1 - AcousticModeller (marytts.modules.AcousticModeller)
2018-11-03 20:30:23,122 [pool-1-thread-2] INFO  marytts.R 1 - Synthesis (marytts.modules.Synthesis)
2018-11-03 20:30:23,122 [pool-1-thread-2] INFO  marytts.R 1 Next module: JTokeniser
2018-11-03 20:30:23,122 [pool-1-thread-2] INFO  marytts.R 1 Next module: Preprocess
2018-11-03 20:30:23,123 [pool-1-thread-2] INFO  marytts.R 1 Next module: OpenNLPPosTagger
2018-11-03 20:30:23,124 [pool-1-thread-2] INFO  marytts.R 1 Next module: JPhonemiser
2018-11-03 20:30:23,124 [pool-1-thread-2] INFO  marytts.R 1 Next module: Prosody
2018-11-03 20:30:23,125 [pool-1-thread-2] INFO  marytts.R 1 Next module: PronunciationModel
2018-11-03 20:30:23,125 [pool-1-thread-2] INFO  marytts.R 1 Next module: AcousticModeller
2018-11-03 20:30:23,126 [pool-1-thread-2] INFO  marytts.ParameterGeneration Parameter generation for LF0: 
2018-11-03 20:30:23,126 [pool-1-thread-2] INFO  marytts.PStream Global variance optimization
2018-11-03 20:30:23,126 [pool-1-thread-2] INFO  marytts.PStream Gradient GV optimization for feature: (0)  number of iterations=12
2018-11-03 20:30:23,126 [pool-1-thread-2] INFO  marytts.R 1 Next module: Synthesis
2018-11-03 20:30:23,126 [pool-1-thread-2] INFO  marytts.HMMSynthesizer Synthesizing one sentence.
2018-11-03 20:30:23,127 [pool-1-thread-2] INFO  marytts.HTSEngine Using prosody from acoustparams.
2018-11-03 20:30:23,127 [pool-1-thread-2] INFO  marytts.HTSEngine Number of models in sentence numModel=4  Total number of states numState=20
2018-11-03 20:30:23,127 [pool-1-thread-2] INFO  marytts.HTSEngine Total number of frames=170  Number of voiced frames=48
2018-11-03 20:30:23,127 [pool-1-thread-2] INFO  marytts.ParameterGeneration Parameter generation for MGC: 
2018-11-03 20:30:23,127 [pool-1-thread-2] INFO  marytts.PStream Global variance optimization
2018-11-03 20:30:23,127 [pool-1-thread-2] INFO  marytts.PStream Gradient GV optimization for feature: (0)  number of iterations=35
2018-11-03 20:30:23,128 [pool-1-thread-2] INFO  marytts.PStream Gradient GV optimization for feature: (1)  number of iterations=2
2018-11-03 20:30:23,128 [pool-1-thread-2] INFO  marytts.PStream Gradient GV optimization for feature: (2)  number of iterations=22
2018-11-03 20:30:23,128 [pool-1-thread-2] INFO  marytts.PStream Gradient GV optimization for feature: (3)  number of iterations=18
2018-11-03 20:30:23,128 [pool-1-thread-2] INFO  marytts.PStream Gradient GV optimization for feature: (4)  number of iterations=21
2018-11-03 20:30:23,128 [pool-1-thread-2] INFO  marytts.PStream Gradient GV optimization for feature: (5)  number of iterations=26
2018-11-03 20:30:23,128 [pool-1-thread-2] INFO  marytts.PStream Gradient GV optimization for feature: (6)  number of iterations=16
2018-11-03 20:30:23,129 [pool-1-thread-2] INFO  marytts.PStream Gradient GV optimization for feature: (7)  number of iterations=19
2018-11-03 20:30:23,129 [pool-1-thread-2] INFO  marytts.PStream Gradient GV optimization for feature: (8)  number of iterations=20
2018-11-03 20:30:23,129 [pool-1-thread-2] INFO  marytts.PStream Gradient GV optimization for feature: (9)  number of iterations=23
2018-11-03 20:30:23,129 [pool-1-thread-2] INFO  marytts.PStream Gradient GV optimization for feature: (10)  number of iterations=3
2018-11-03 20:30:23,129 [pool-1-thread-2] INFO  marytts.PStream Gradient GV optimization for feature: (11)  number of iterations=17
2018-11-03 20:30:23,129 [pool-1-thread-2] INFO  marytts.PStream Gradient GV optimization for feature: (12)  number of iterations=2
2018-11-03 20:30:23,129 [pool-1-thread-2] INFO  marytts.PStream Gradient GV optimization for feature: (13)  number of iterations=9
2018-11-03 20:30:23,130 [pool-1-thread-2] INFO  marytts.PStream Gradient GV optimization for feature: (14)  number of iterations=9
2018-11-03 20:30:23,130 [pool-1-thread-2] INFO  marytts.PStream Gradient GV optimization for feature: (15)  number of iterations=9
2018-11-03 20:30:23,130 [pool-1-thread-2] INFO  marytts.PStream Gradient GV optimization for feature: (16)  number of iterations=2
2018-11-03 20:30:23,130 [pool-1-thread-2] INFO  marytts.PStream Gradient GV optimization for feature: (17)  number of iterations=10
2018-11-03 20:30:23,130 [pool-1-thread-2] INFO  marytts.PStream Gradient GV optimization for feature: (18)  number of iterations=2
2018-11-03 20:30:23,130 [pool-1-thread-2] INFO  marytts.PStream Gradient GV optimization for feature: (19)  number of iterations=11
2018-11-03 20:30:23,130 [pool-1-thread-2] INFO  marytts.PStream Gradient GV optimization for feature: (20)  number of iterations=3
2018-11-03 20:30:23,130 [pool-1-thread-2] INFO  marytts.PStream Gradient GV optimization for feature: (21)  number of iterations=3
2018-11-03 20:30:23,130 [pool-1-thread-2] INFO  marytts.PStream Gradient GV optimization for feature: (22)  number of iterations=2
2018-11-03 20:30:23,131 [pool-1-thread-2] INFO  marytts.PStream   ***Convergence problems....optimization stopped. Number of iterations: 2
2018-11-03 20:30:23,131 [pool-1-thread-2] INFO  marytts.PStream Gradient GV optimization for feature: (23)  number of iterations=2
2018-11-03 20:30:23,131 [pool-1-thread-2] INFO  marytts.PStream Gradient GV optimization for feature: (24)  number of iterations=10
2018-11-03 20:30:23,131 [pool-1-thread-2] INFO  marytts.ParameterGeneration Using f0 from maryXML acoustparams
2018-11-03 20:30:23,131 [pool-1-thread-2] INFO  marytts.PStream Global variance optimization
2018-11-03 20:30:23,131 [pool-1-thread-2] INFO  marytts.PStream Gradient GV optimization for feature: (0)  number of iterations=26
2018-11-03 20:30:23,132 [pool-1-thread-2] INFO  marytts.PStream Gradient GV optimization for feature: (1)  number of iterations=2
2018-11-03 20:30:23,132 [pool-1-thread-2] INFO  marytts.PStream Gradient GV optimization for feature: (2)  number of iterations=61
2018-11-03 20:30:23,132 [pool-1-thread-2] INFO  marytts.PStream Gradient GV optimization for feature: (3)  number of iterations=5
2018-11-03 20:30:23,132 [pool-1-thread-2] INFO  marytts.PStream Gradient GV optimization for feature: (4)  number of iterations=3
2018-11-03 20:30:23,132 [pool-1-thread-2] INFO  marytts.R 1 Request processed in 10 ms.
2018-11-03 20:30:23,132 [pool-1-thread-2] INFO  marytts.R 1    TextToMaryXML took 0 ms
2018-11-03 20:30:23,133 [pool-1-thread-2] INFO  marytts.R 1    JTokeniser took 0 ms
2018-11-03 20:30:23,133 [pool-1-thread-2] INFO  marytts.R 1    Preprocess took 1 ms
2018-11-03 20:30:23,133 [pool-1-thread-2] INFO  marytts.R 1    OpenNLPPosTagger took 1 ms
2018-11-03 20:30:23,133 [pool-1-thread-2] INFO  marytts.R 1    JPhonemiser took 0 ms
2018-11-03 20:30:23,133 [pool-1-thread-2] INFO  marytts.R 1    Prosody took 1 ms
2018-11-03 20:30:23,133 [pool-1-thread-2] INFO  marytts.R 1    PronunciationModel took 0 ms
2018-11-03 20:30:23,133 [pool-1-thread-2] INFO  marytts.R 1    AcousticModeller took 1 ms
2018-11-03 20:30:23,133 [pool-1-thread-2] INFO  marytts.R 1    Synthesis took 6 ms
2018-11-03 20:30:28,190 [pool-1-thread-2] INFO  marytts.R 1 New request (input type "TEXT", output type "AUDIO", voice "cmu-rms-hsmm", audio "WAVE")
2018-11-03 20:30:28,190 [pool-1-thread-2] INFO  marytts.R 1 Handling request using the following modules:
2018-11-03 20:30:28,190 [pool-1-thread-2] INFO  marytts.R 1 - TextToMaryXML (marytts.modules.TextToMaryXML)
2018-11-03 20:30:28,190 [pool-1-thread-2] INFO  marytts.R 1 Next module: TextToMaryXML
2018-11-03 20:30:28,190 [pool-1-thread-2] INFO  marytts.R 1 Handling request using the following modules:
2018-11-03 20:30:28,190 [pool-1-thread-2] INFO  marytts.R 1 - JTokeniser (marytts.language.en.JTokeniser)
2018-11-03 20:30:28,190 [pool-1-thread-2] INFO  marytts.R 1 - Preprocess (marytts.language.en.Preprocess)
2018-11-03 20:30:28,190 [pool-1-thread-2] INFO  marytts.R 1 - OpenNLPPosTagger (marytts.modules.OpenNLPPosTagger)
2018-11-03 20:30:28,190 [pool-1-thread-2] INFO  marytts.R 1 - JPhonemiser (marytts.modules.JPhonemiser)
2018-11-03 20:30:28,190 [pool-1-thread-2] INFO  marytts.R 1 - Prosody (marytts.language.en.Prosody)
2018-11-03 20:30:28,190 [pool-1-thread-2] INFO  marytts.R 1 - PronunciationModel (marytts.language.en.PronunciationModel)
2018-11-03 20:30:28,191 [pool-1-thread-2] INFO  marytts.R 1 - AcousticModeller (marytts.modules.AcousticModeller)
2018-11-03 20:30:28,191 [pool-1-thread-2] INFO  marytts.R 1 - Synthesis (marytts.modules.Synthesis)
2018-11-03 20:30:28,191 [pool-1-thread-2] INFO  marytts.R 1 Next module: JTokeniser
2018-11-03 20:30:28,191 [pool-1-thread-2] INFO  marytts.R 1 Next module: Preprocess
2018-11-03 20:30:28,202 [pool-1-thread-2] INFO  marytts.R 1 Next module: OpenNLPPosTagger
2018-11-03 20:30:28,203 [pool-1-thread-2] INFO  marytts.R 1 Next module: JPhonemiser
2018-11-03 20:30:28,203 [pool-1-thread-2] INFO  marytts.R 1 Next module: Prosody
2018-11-03 20:30:28,204 [pool-1-thread-2] INFO  marytts.R 1 Next module: PronunciationModel
2018-11-03 20:30:28,204 [pool-1-thread-2] INFO  marytts.R 1 Next module: AcousticModeller
2018-11-03 20:30:28,207 [pool-1-thread-2] INFO  marytts.ParameterGeneration Parameter generation for LF0: 
2018-11-03 20:30:28,207 [pool-1-thread-2] INFO  marytts.PStream Global variance optimization
2018-11-03 20:30:28,207 [pool-1-thread-2] INFO  marytts.PStream Gradient GV optimization for feature: (0)  number of iterations=17
2018-11-03 20:30:28,207 [pool-1-thread-2] INFO  marytts.R 1 Next module: Synthesis
2018-11-03 20:30:28,207 [pool-1-thread-2] INFO  marytts.HMMSynthesizer Synthesizing one sentence.
2018-11-03 20:30:28,207 [pool-1-thread-2] INFO  marytts.HTSEngine Using prosody from acoustparams.
2018-11-03 20:30:28,210 [pool-1-thread-2] INFO  marytts.HTSEngine Number of models in sentence numModel=11  Total number of states numState=55
2018-11-03 20:30:28,210 [pool-1-thread-2] INFO  marytts.HTSEngine Total number of frames=319  Number of voiced frames=140
2018-11-03 20:30:28,211 [pool-1-thread-2] INFO  marytts.ParameterGeneration Parameter generation for MGC: 
2018-11-03 20:30:28,211 [pool-1-thread-2] INFO  marytts.PStream Global variance optimization
2018-11-03 20:30:28,211 [pool-1-thread-2] INFO  marytts.PStream Gradient GV optimization for feature: (0)  number of iterations=24
2018-11-03 20:30:28,212 [pool-1-thread-2] INFO  marytts.PStream Gradient GV optimization for feature: (1)  number of iterations=36
2018-11-03 20:30:28,212 [pool-1-thread-2] INFO  marytts.PStream Gradient GV optimization for feature: (2)  number of iterations=23
2018-11-03 20:30:28,212 [pool-1-thread-2] INFO  marytts.PStream Gradient GV optimization for feature: (3)  number of iterations=1
2018-11-03 20:30:28,213 [pool-1-thread-2] INFO  marytts.PStream Gradient GV optimization for feature: (4)  number of iterations=53
2018-11-03 20:30:28,213 [pool-1-thread-2] INFO  marytts.PStream Gradient GV optimization for feature: (5)  number of iterations=17
2018-11-03 20:30:28,213 [pool-1-thread-2] INFO  marytts.PStream Gradient GV optimization for feature: (6)  number of iterations=3
2018-11-03 20:30:28,214 [pool-1-thread-2] INFO  marytts.PStream Gradient GV optimization for feature: (7)  number of iterations=2
2018-11-03 20:30:28,214 [pool-1-thread-2] INFO  marytts.PStream Gradient GV optimization for feature: (8)  number of iterations=14
2018-11-03 20:30:28,214 [pool-1-thread-2] INFO  marytts.PStream Gradient GV optimization for feature: (9)  number of iterations=16
2018-11-03 20:30:28,214 [pool-1-thread-2] INFO  marytts.PStream Gradient GV optimization for feature: (10)  number of iterations=12
2018-11-03 20:30:28,215 [pool-1-thread-2] INFO  marytts.PStream Gradient GV optimization for feature: (11)  number of iterations=15
2018-11-03 20:30:28,215 [pool-1-thread-2] INFO  marytts.PStream Gradient GV optimization for feature: (12)  number of iterations=10
2018-11-03 20:30:28,215 [pool-1-thread-2] INFO  marytts.PStream Gradient GV optimization for feature: (13)  number of iterations=8
2018-11-03 20:30:28,215 [pool-1-thread-2] INFO  marytts.PStream Gradient GV optimization for feature: (14)  number of iterations=5
2018-11-03 20:30:28,216 [pool-1-thread-2] INFO  marytts.PStream Gradient GV optimization for feature: (15)  number of iterations=23
2018-11-03 20:30:28,216 [pool-1-thread-2] INFO  marytts.PStream Gradient GV optimization for feature: (16)  number of iterations=9
2018-11-03 20:30:28,216 [pool-1-thread-2] INFO  marytts.PStream Gradient GV optimization for feature: (17)  number of iterations=10
2018-11-03 20:30:28,216 [pool-1-thread-2] INFO  marytts.PStream Gradient GV optimization for feature: (18)  number of iterations=2
2018-11-03 20:30:28,216 [pool-1-thread-2] INFO  marytts.PStream Gradient GV optimization for feature: (19)  number of iterations=3
2018-11-03 20:30:28,217 [pool-1-thread-2] INFO  marytts.PStream Gradient GV optimization for feature: (20)  number of iterations=11
2018-11-03 20:30:28,217 [pool-1-thread-2] INFO  marytts.PStream Gradient GV optimization for feature: (21)  number of iterations=11
2018-11-03 20:30:28,217 [pool-1-thread-2] INFO  marytts.PStream Gradient GV optimization for feature: (22)  number of iterations=2
2018-11-03 20:30:28,217 [pool-1-thread-2] INFO  marytts.PStream Gradient GV optimization for feature: (23)  number of iterations=8
2018-11-03 20:30:28,217 [pool-1-thread-2] INFO  marytts.PStream Gradient GV optimization for feature: (24)  number of iterations=14
2018-11-03 20:30:28,217 [pool-1-thread-2] INFO  marytts.ParameterGeneration Using f0 from maryXML acoustparams
2018-11-03 20:30:28,217 [pool-1-thread-2] INFO  marytts.PStream Global variance optimization
2018-11-03 20:30:28,218 [pool-1-thread-2] INFO  marytts.PStream    optimization stopped by reaching max number of iterations (no global variance applied)
2018-11-03 20:30:28,218 [pool-1-thread-2] INFO  marytts.PStream Gradient GV optimization for feature: (0)  number of iterations=101
2018-11-03 20:30:28,219 [pool-1-thread-2] INFO  marytts.PStream Gradient GV optimization for feature: (1)  number of iterations=2
2018-11-03 20:30:28,219 [pool-1-thread-2] INFO  marytts.PStream Gradient GV optimization for feature: (2)  number of iterations=49
2018-11-03 20:30:28,219 [pool-1-thread-2] INFO  marytts.PStream Gradient GV optimization for feature: (3)  number of iterations=2
2018-11-03 20:30:28,220 [pool-1-thread-2] INFO  marytts.PStream Gradient GV optimization for feature: (4)  number of iterations=11
2018-11-03 20:30:28,220 [pool-1-thread-2] INFO  marytts.R 1 Request processed in 30 ms.
2018-11-03 20:30:28,220 [pool-1-thread-2] INFO  marytts.R 1    TextToMaryXML took 0 ms
2018-11-03 20:30:28,220 [pool-1-thread-2] INFO  marytts.R 1    JTokeniser took 0 ms
2018-11-03 20:30:28,220 [pool-1-thread-2] INFO  marytts.R 1    Preprocess took 11 ms
2018-11-03 20:30:28,220 [pool-1-thread-2] INFO  marytts.R 1    OpenNLPPosTagger took 1 ms
2018-11-03 20:30:28,220 [pool-1-thread-2] INFO  marytts.R 1    JPhonemiser took 0 ms
2018-11-03 20:30:28,220 [pool-1-thread-2] INFO  marytts.R 1    Prosody took 1 ms
2018-11-03 20:30:28,220 [pool-1-thread-2] INFO  marytts.R 1    PronunciationModel took 0 ms
2018-11-03 20:30:28,220 [pool-1-thread-2] INFO  marytts.R 1    AcousticModeller took 3 ms
2018-11-03 20:30:28,220 [pool-1-thread-2] INFO  marytts.R 1    Synthesis took 13 ms
2018-11-03 20:31:06,840 [main] INFO  marytts.main Mary starting up...
2018-11-03 20:31:06,840 [main] INFO  marytts.main Specification version 5.2
2018-11-03 20:31:06,840 [main] INFO  marytts.main Implementation version unknown
2018-11-03 20:31:06,840 [main] INFO  marytts.main Running on a Java 1.8.0_191 implementation by Oracle Corporation, on a Windows 10 platform (amd64, 10.0)
2018-11-03 20:31:06,934 [main] INFO  marytts.ModuleRegistry Now initiating mary module 'marytts.modules.Synthesis'
2018-11-03 20:31:06,934 [main] INFO  marytts.ModuleRegistry Now initiating mary module 'marytts.modules.TextToMaryXML'
2018-11-03 20:31:06,934 [main] INFO  marytts.ModuleRegistry Now initiating mary module 'marytts.modules.SableParser'
2018-11-03 20:31:06,934 [main] INFO  marytts.ModuleRegistry Now initiating mary module 'marytts.modules.SSMLParser'
2018-11-03 20:31:06,934 [main] INFO  marytts.ModuleRegistry Now initiating mary module 'marytts.modules.APMLParser'
2018-11-03 20:31:06,934 [main] INFO  marytts.ModuleRegistry Now initiating mary module 'marytts.modules.EmotionmlParser'
2018-11-03 20:31:06,934 [main] INFO  marytts.ModuleRegistry Now initiating mary module 'marytts.modules.JTokeniser'
2018-11-03 20:31:06,934 [main] INFO  marytts.ModuleRegistry Now initiating mary module 'marytts.modules.DummyTokens2Words'
2018-11-03 20:31:06,934 [main] INFO  marytts.ModuleRegistry Now initiating mary module 'marytts.modules.ProsodyGeneric'
2018-11-03 20:31:06,934 [main] INFO  marytts.ModuleRegistry Now initiating mary module 'marytts.modules.PronunciationModel'
2018-11-03 20:31:06,934 [main] INFO  marytts.ModuleRegistry Now initiating mary module 'marytts.modules.TargetFeatureLister'
2018-11-03 20:31:06,934 [main] INFO  marytts.ModuleRegistry Now initiating mary module 'marytts.modules.HalfPhoneTargetFeatureLister'
2018-11-03 20:31:06,934 [main] INFO  marytts.ModuleRegistry Now initiating mary module 'marytts.modules.AcousticModeller'
2018-11-03 20:31:06,934 [main] INFO  marytts.ModuleRegistry Now initiating mary module 'marytts.modules.RealisedAcoustparamsExtractor'
2018-11-03 20:31:06,934 [main] INFO  marytts.ModuleRegistry Now initiating mary module 'marytts.modules.RealisedDurationsExtractor'
2018-11-03 20:31:06,934 [main] INFO  marytts.ModuleRegistry Now initiating mary module 'marytts.modules.HTSEngine'
2018-11-03 20:31:06,934 [main] INFO  marytts.ModuleRegistry Now initiating mary module 'marytts.modules.PraatTextGridGenerator'
2018-11-03 20:31:06,934 [main] INFO  marytts.ModuleRegistry Now initiating mary module 'marytts.language.en.JTokeniser'
2018-11-03 20:31:06,934 [main] INFO  marytts.ModuleRegistry Now initiating mary module 'marytts.language.en.Preprocess'
2018-11-03 20:31:07,059 [main] INFO  marytts.ModuleRegistry Now initiating mary module 'marytts.modules.JPhonemiser(en_US.)'
2018-11-03 20:31:07,074 [main] INFO  marytts.JPhonemiser User dictionary '.\user-dictionaries\userdict-en_US.txt' for locale 'en_US' does not exist. Ignoring.
2018-11-03 20:31:07,121 [main] INFO  marytts.ModuleRegistry Now initiating mary module 'marytts.modules.JPhonemiser(en_GB.)'
2018-11-03 20:31:07,121 [main] INFO  marytts.JPhonemiser User dictionary '.\user-dictionaries\userdict-en_GB.txt' for locale 'en_GB' does not exist. Ignoring.
2018-11-03 20:31:07,153 [main] INFO  marytts.ModuleRegistry Now initiating mary module 'marytts.language.en.Prosody'
2018-11-03 20:31:07,153 [main] INFO  marytts.ModuleRegistry Now initiating mary module 'marytts.modules.SimplePhoneme2AP(en_US)'
2018-11-03 20:31:07,153 [main] INFO  marytts.ModuleRegistry Now initiating mary module 'marytts.language.en.PronunciationModel'
2018-11-03 20:31:07,153 [main] INFO  marytts.ModuleRegistry Now initiating mary module 'marytts.modules.OpenNLPPosTagger(en,en.pos)'
2018-11-03 20:31:07,153 [main] INFO  marytts.UnitSelectionSynthesizer started.
2018-11-03 20:31:07,168 [main] INFO  marytts.TargetFeatureLister Module started (ACOUSTPARAMS->TARGETFEATURES, locale null).
2018-11-03 20:31:07,168 [main] INFO  marytts.HTSEngine Module started (TARGETFEATURES->AUDIO, locale null).
2018-11-03 20:31:07,184 [main] INFO  marytts.HMMData Loading Tree Set in CARTs:
2018-11-03 20:31:07,231 [main] INFO  marytts.HMMData Loading GV Model Set:
2018-11-03 20:31:07,340 [main] INFO  marytts.Voice Registering voice `cmu-rms-hsmm': male, locale en_US
2018-11-03 20:31:07,340 [main] INFO  marytts.Voice New default voice for locale en_US: cmu-rms-hsmm (desire 0)
2018-11-03 20:31:07,340 [main] INFO  marytts.HMMData Loading Tree Set in CARTs:
2018-11-03 20:31:07,387 [main] INFO  marytts.HMMData Loading GV Model Set:
2018-11-03 20:31:07,449 [main] INFO  marytts.Voice Registering voice `cmu-slt-hsmm': female, locale en_US
2018-11-03 20:31:07,449 [main] INFO  marytts.HMMData Loading Tree Set in CARTs:
2018-11-03 20:31:07,481 [main] INFO  marytts.HMMData Loading GV Model Set:
2018-11-03 20:31:07,559 [main] INFO  marytts.Voice Registering voice `dfki-poppy-hsmm': female, locale en_GB
2018-11-03 20:31:07,559 [main] INFO  marytts.Voice New default voice for locale en_GB: dfki-poppy-hsmm (desire 0)
2018-11-03 20:31:07,559 [main] INFO  marytts.HMMSynthesizer started.
2018-11-03 20:31:07,559 [main] INFO  marytts.Synthesis Module started (ACOUSTPARAMS->AUDIO, locale null).
2018-11-03 20:31:07,559 [main] INFO  marytts.HMMSynthesizer Starting power-on self test.
2018-11-03 20:31:07,559 [main] INFO  marytts.HMMSynthesizer Power-on self test complete.
2018-11-03 20:31:07,559 [main] INFO  marytts.TextToMaryXML Module started (TEXT->RAWMARYXML, locale null).
2018-11-03 20:31:07,559 [main] INFO  marytts.TextToMaryXML Starting power-on self test.
2018-11-03 20:31:07,559 [main] WARN  marytts.TextToMaryXML Locale is null, overriding with de_DE
2018-11-03 20:31:07,559 [main] WARN  marytts.TextToMaryXML Locale is null, overriding with de_DE
2018-11-03 20:31:07,559 [main] INFO  marytts.TextToMaryXML Power-on self test complete.
2018-11-03 20:31:07,652 [main] INFO  marytts.SableParser Module started (SABLE->RAWMARYXML, locale null).
2018-11-03 20:31:07,652 [main] INFO  marytts.SableParser Starting power-on self test.
2018-11-03 20:31:07,652 [main] INFO  marytts.SableParser Power-on self test complete.
2018-11-03 20:31:07,699 [main] INFO  marytts.SSMLParser Module started (SSML->RAWMARYXML, locale null).
2018-11-03 20:31:07,699 [main] INFO  marytts.SSMLParser Starting power-on self test.
2018-11-03 20:31:07,699 [main] INFO  marytts.SSMLParser Power-on self test complete.
2018-11-03 20:31:07,746 [main] INFO  marytts.APMLParser Module started (APML->RAWMARYXML, locale null).
2018-11-03 20:31:07,746 [main] INFO  marytts.APMLParser Starting power-on self test.
2018-11-03 20:31:07,746 [main] INFO  marytts.APMLParser Power-on self test complete.
2018-11-03 20:31:07,762 [main] INFO  marytts.EmotionmlParser Module started (EMOTIONML->RAWMARYXML, locale null).
2018-11-03 20:31:07,762 [main] INFO  marytts.EmotionmlParser Starting power-on self test.
2018-11-03 20:31:07,762 [main] INFO  marytts.EmotionmlParser Power-on self test complete.
2018-11-03 20:31:07,762 [main] INFO  marytts.JTokeniser Module started (RAWMARYXML->TOKENS, locale null).
2018-11-03 20:31:07,793 [main] INFO  marytts.JTokeniser Starting power-on self test.
2018-11-03 20:31:07,793 [main] INFO  marytts.JTokeniser Power-on self test complete.
2018-11-03 20:31:07,793 [main] INFO  marytts.DummyTokens2Words Module started (TOKENS->WORDS, locale null).
2018-11-03 20:31:07,793 [main] INFO  marytts.DummyTokens2Words Starting power-on self test.
2018-11-03 20:31:07,793 [main] INFO  marytts.DummyTokens2Words Power-on self test complete.
2018-11-03 20:31:07,793 [main] INFO  marytts.Prosody Module started (PHONEMES->INTONATION, locale null).
2018-11-03 20:31:07,793 [main] INFO  marytts.Prosody Starting power-on self test.
2018-11-03 20:31:07,793 [main] INFO  marytts.Prosody Power-on self test complete.
2018-11-03 20:31:07,793 [main] INFO  marytts.PronunciationModel Module started (INTONATION->ALLOPHONES, locale null).
2018-11-03 20:31:07,793 [main] INFO  marytts.PronunciationModel Starting power-on self test.
2018-11-03 20:31:07,793 [main] INFO  marytts.PronunciationModel Power-on self test complete.
2018-11-03 20:31:07,793 [main] INFO  marytts.TargetFeatureLister Starting power-on self test.
2018-11-03 20:31:07,793 [main] INFO  marytts.TargetFeatureLister Power-on self test complete.
2018-11-03 20:31:07,793 [main] INFO  marytts.TargetFeatureLister Module started (ACOUSTPARAMS->HALFPHONE_TARGETFEATURES, locale null).
2018-11-03 20:31:07,793 [main] INFO  marytts.TargetFeatureLister Starting power-on self test.
2018-11-03 20:31:07,793 [main] INFO  marytts.TargetFeatureLister Power-on self test complete.
2018-11-03 20:31:07,793 [main] INFO  marytts.AcousticModeller Module started (ALLOPHONES->ACOUSTPARAMS, locale null).
2018-11-03 20:31:07,793 [main] INFO  marytts.AcousticModeller Starting power-on self test.
2018-11-03 20:31:07,793 [main] INFO  marytts.AcousticModeller Power-on self test complete.
2018-11-03 20:31:07,793 [main] INFO  marytts.Realised acoustparams extractor Module started (AUDIO->REALISED_ACOUSTPARAMS, locale null).
2018-11-03 20:31:07,793 [main] INFO  marytts.Realised acoustparams extractor Starting power-on self test.
2018-11-03 20:31:07,793 [main] INFO  marytts.Realised acoustparams extractor Power-on self test complete.
2018-11-03 20:31:07,793 [main] INFO  marytts.Realised durations extractor Module started (AUDIO->REALISED_DURATIONS, locale null).
2018-11-03 20:31:07,793 [main] INFO  marytts.Realised durations extractor Starting power-on self test.
2018-11-03 20:31:07,793 [main] INFO  marytts.Realised durations extractor Power-on self test complete.
2018-11-03 20:31:07,793 [main] INFO  marytts.Praat TextGrid generator Module started (REALISED_ACOUSTPARAMS->PRAAT_TEXTGRID, locale null).
2018-11-03 20:31:07,793 [main] INFO  marytts.Praat TextGrid generator Starting power-on self test.
2018-11-03 20:31:07,793 [main] INFO  marytts.Praat TextGrid generator Power-on self test complete.
2018-11-03 20:31:07,793 [main] INFO  marytts.JTokeniser Module started (RAWMARYXML->TOKENS, locale en).
2018-11-03 20:31:07,809 [main] INFO  marytts.JTokeniser Starting power-on self test.
2018-11-03 20:31:07,809 [main] INFO  marytts.JTokeniser Power-on self test complete.
2018-11-03 20:31:07,809 [main] INFO  marytts.Preprocess Module started (TOKENS->WORDS, locale en).
2018-11-03 20:31:07,809 [main] INFO  marytts.Preprocess Starting power-on self test.
2018-11-03 20:31:07,809 [main] INFO  marytts.Preprocess Power-on self test complete.
2018-11-03 20:31:07,809 [main] INFO  marytts.JPhonemiser Module started (PARTSOFSPEECH->PHONEMES, locale en_US).
2018-11-03 20:31:07,809 [main] INFO  marytts.JPhonemiser Starting power-on self test.
2018-11-03 20:31:07,809 [main] INFO  marytts.JPhonemiser Power-on self test complete.
2018-11-03 20:31:07,809 [main] INFO  marytts.JPhonemiser Module started (PARTSOFSPEECH->PHONEMES, locale en_GB).
2018-11-03 20:31:07,809 [main] INFO  marytts.JPhonemiser Starting power-on self test.
2018-11-03 20:31:07,809 [main] INFO  marytts.JPhonemiser Power-on self test complete.
2018-11-03 20:31:07,809 [main] INFO  marytts.Prosody Module started (PHONEMES->INTONATION, locale en).
2018-11-03 20:31:07,809 [main] INFO  marytts.Prosody Starting power-on self test.
2018-11-03 20:31:07,809 [main] INFO  marytts.Prosody Power-on self test complete.
2018-11-03 20:31:07,809 [main] INFO  marytts.SimplePhoneme2AP Module started (SIMPLEPHONEMES->ACOUSTPARAMS, locale en_US).
2018-11-03 20:31:07,809 [main] INFO  marytts.SimplePhoneme2AP Starting power-on self test.
2018-11-03 20:31:07,809 [main] INFO  marytts.SimplePhoneme2AP Power-on self test complete.
2018-11-03 20:31:07,809 [main] INFO  marytts.PronunciationModel Module started (INTONATION->ALLOPHONES, locale en).
2018-11-03 20:31:07,809 [main] INFO  marytts.PronunciationModel Starting power-on self test.
2018-11-03 20:31:07,809 [main] INFO  marytts.PronunciationModel Power-on self test complete.
2018-11-03 20:31:07,809 [main] INFO  marytts.OpenNLPPosTagger Module started (WORDS->PARTSOFSPEECH, locale en).
2018-11-03 20:31:08,293 [main] INFO  marytts.OpenNLPPosTagger Starting power-on self test.
2018-11-03 20:31:08,293 [main] INFO  marytts.OpenNLPPosTagger Power-on self test complete.
2018-11-03 20:31:08,293 [main] INFO  marytts.main Startup complete.
2018-11-03 20:31:11,618 [pool-1-thread-2] INFO  marytts.R 1 New request (input type "TEXT", output type "AUDIO", voice "cmu-rms-hsmm", audio "WAVE")
2018-11-03 20:31:11,618 [pool-1-thread-2] INFO  marytts.R 1 Handling request using the following modules:
2018-11-03 20:31:11,619 [pool-1-thread-2] INFO  marytts.R 1 - TextToMaryXML (marytts.modules.TextToMaryXML)
2018-11-03 20:31:11,619 [pool-1-thread-2] INFO  marytts.R 1 Next module: TextToMaryXML
2018-11-03 20:31:11,619 [pool-1-thread-2] INFO  marytts.R 1 Handling request using the following modules:
2018-11-03 20:31:11,619 [pool-1-thread-2] INFO  marytts.R 1 - JTokeniser (marytts.language.en.JTokeniser)
2018-11-03 20:31:11,619 [pool-1-thread-2] INFO  marytts.R 1 - Preprocess (marytts.language.en.Preprocess)
2018-11-03 20:31:11,619 [pool-1-thread-2] INFO  marytts.R 1 - OpenNLPPosTagger (marytts.modules.OpenNLPPosTagger)
2018-11-03 20:31:11,620 [pool-1-thread-2] INFO  marytts.R 1 - JPhonemiser (marytts.modules.JPhonemiser)
2018-11-03 20:31:11,620 [pool-1-thread-2] INFO  marytts.R 1 - Prosody (marytts.language.en.Prosody)
2018-11-03 20:31:11,620 [pool-1-thread-2] INFO  marytts.R 1 - PronunciationModel (marytts.language.en.PronunciationModel)
2018-11-03 20:31:11,620 [pool-1-thread-2] INFO  marytts.R 1 - AcousticModeller (marytts.modules.AcousticModeller)
2018-11-03 20:31:11,620 [pool-1-thread-2] INFO  marytts.R 1 - Synthesis (marytts.modules.Synthesis)
2018-11-03 20:31:11,620 [pool-1-thread-2] INFO  marytts.R 1 Next module: JTokeniser
2018-11-03 20:31:11,621 [pool-1-thread-2] INFO  marytts.R 1 Next module: Preprocess
2018-11-03 20:31:11,623 [pool-1-thread-2] INFO  marytts.R 1 Next module: OpenNLPPosTagger
2018-11-03 20:31:11,627 [pool-1-thread-2] INFO  marytts.R 1 Next module: JPhonemiser
2018-11-03 20:31:11,629 [pool-1-thread-2] INFO  marytts.R 1 Next module: Prosody
2018-11-03 20:31:11,631 [pool-1-thread-2] INFO  marytts.R 1 Next module: PronunciationModel
2018-11-03 20:31:11,632 [pool-1-thread-2] INFO  marytts.R 1 Next module: AcousticModeller
2018-11-03 20:31:11,648 [pool-1-thread-2] INFO  marytts.ParameterGeneration Parameter generation for LF0: 
2018-11-03 20:31:11,648 [pool-1-thread-2] INFO  marytts.PStream Global variance optimization
2018-11-03 20:31:11,650 [pool-1-thread-2] INFO  marytts.PStream Gradient GV optimization for feature: (0)  number of iterations=20
2018-11-03 20:31:11,652 [pool-1-thread-2] INFO  marytts.R 1 Next module: Synthesis
2018-11-03 20:31:11,672 [pool-1-thread-2] INFO  marytts.HMMSynthesizer Synthesizing one sentence.
2018-11-03 20:31:11,672 [pool-1-thread-2] INFO  marytts.HTSEngine Using prosody from acoustparams.
2018-11-03 20:31:11,674 [pool-1-thread-2] INFO  marytts.HTSEngine Number of models in sentence numModel=22  Total number of states numState=110
2018-11-03 20:31:11,674 [pool-1-thread-2] INFO  marytts.HTSEngine Total number of frames=466  Number of voiced frames=232
2018-11-03 20:31:11,676 [pool-1-thread-2] INFO  marytts.ParameterGeneration Parameter generation for MGC: 
2018-11-03 20:31:11,676 [pool-1-thread-2] INFO  marytts.PStream Global variance optimization
2018-11-03 20:31:11,680 [pool-1-thread-2] INFO  marytts.PStream Gradient GV optimization for feature: (0)  number of iterations=2
2018-11-03 20:31:11,687 [pool-1-thread-2] INFO  marytts.PStream Gradient GV optimization for feature: (1)  number of iterations=19
2018-11-03 20:31:11,688 [pool-1-thread-2] INFO  marytts.PStream Gradient GV optimization for feature: (2)  number of iterations=3
2018-11-03 20:31:11,690 [pool-1-thread-2] INFO  marytts.PStream Gradient GV optimization for feature: (3)  number of iterations=21
2018-11-03 20:31:11,692 [pool-1-thread-2] INFO  marytts.PStream Gradient GV optimization for feature: (4)  number of iterations=26
2018-11-03 20:31:11,693 [pool-1-thread-2] INFO  marytts.PStream Gradient GV optimization for feature: (5)  number of iterations=25
2018-11-03 20:31:11,694 [pool-1-thread-2] INFO  marytts.PStream Gradient GV optimization for feature: (6)  number of iterations=15
2018-11-03 20:31:11,695 [pool-1-thread-2] INFO  marytts.PStream Gradient GV optimization for feature: (7)  number of iterations=17
2018-11-03 20:31:11,696 [pool-1-thread-2] INFO  marytts.PStream Gradient GV optimization for feature: (8)  number of iterations=12
2018-11-03 20:31:11,697 [pool-1-thread-2] INFO  marytts.PStream Gradient GV optimization for feature: (9)  number of iterations=3
2018-11-03 20:31:11,698 [pool-1-thread-2] INFO  marytts.PStream Gradient GV optimization for feature: (10)  number of iterations=22
2018-11-03 20:31:11,699 [pool-1-thread-2] INFO  marytts.PStream Gradient GV optimization for feature: (11)  number of iterations=15
2018-11-03 20:31:11,700 [pool-1-thread-2] INFO  marytts.PStream Gradient GV optimization for feature: (12)  number of iterations=9
2018-11-03 20:31:11,701 [pool-1-thread-2] INFO  marytts.PStream Gradient GV optimization for feature: (13)  number of iterations=13
2018-11-03 20:31:11,702 [pool-1-thread-2] INFO  marytts.PStream Gradient GV optimization for feature: (14)  number of iterations=24
2018-11-03 20:31:11,703 [pool-1-thread-2] INFO  marytts.PStream Gradient GV optimization for feature: (15)  number of iterations=18
2018-11-03 20:31:11,703 [pool-1-thread-2] INFO  marytts.PStream Gradient GV optimization for feature: (16)  number of iterations=23
2018-11-03 20:31:11,704 [pool-1-thread-2] INFO  marytts.PStream Gradient GV optimization for feature: (17)  number of iterations=8
2018-11-03 20:31:11,705 [pool-1-thread-2] INFO  marytts.PStream Gradient GV optimization for feature: (18)  number of iterations=11
2018-11-03 20:31:11,706 [pool-1-thread-2] INFO  marytts.PStream Gradient GV optimization for feature: (19)  number of iterations=10
2018-11-03 20:31:11,706 [pool-1-thread-2] INFO  marytts.PStream Gradient GV optimization for feature: (20)  number of iterations=10
2018-11-03 20:31:11,707 [pool-1-thread-2] INFO  marytts.PStream Gradient GV optimization for feature: (21)  number of iterations=6
2018-11-03 20:31:11,708 [pool-1-thread-2] INFO  marytts.PStream Gradient GV optimization for feature: (22)  number of iterations=22
2018-11-03 20:31:11,709 [pool-1-thread-2] INFO  marytts.PStream Gradient GV optimization for feature: (23)  number of iterations=9
2018-11-03 20:31:11,709 [pool-1-thread-2] INFO  marytts.PStream Gradient GV optimization for feature: (24)  number of iterations=18
2018-11-03 20:31:11,710 [pool-1-thread-2] INFO  marytts.ParameterGeneration Using f0 from maryXML acoustparams
2018-11-03 20:31:11,711 [pool-1-thread-2] INFO  marytts.PStream Global variance optimization
2018-11-03 20:31:11,712 [pool-1-thread-2] INFO  marytts.PStream Gradient GV optimization for feature: (0)  number of iterations=43
2018-11-03 20:31:11,714 [pool-1-thread-2] INFO  marytts.PStream Gradient GV optimization for feature: (1)  number of iterations=45
2018-11-03 20:31:11,715 [pool-1-thread-2] INFO  marytts.PStream Gradient GV optimization for feature: (2)  number of iterations=42
2018-11-03 20:31:11,718 [pool-1-thread-2] INFO  marytts.PStream Gradient GV optimization for feature: (3)  number of iterations=100
2018-11-03 20:31:11,718 [pool-1-thread-2] INFO  marytts.PStream Gradient GV optimization for feature: (4)  number of iterations=11
2018-11-03 20:31:11,722 [pool-1-thread-2] INFO  marytts.R 1 Request processed in 104 ms.
2018-11-03 20:31:11,722 [pool-1-thread-2] INFO  marytts.R 1    TextToMaryXML took 0 ms
2018-11-03 20:31:11,722 [pool-1-thread-2] INFO  marytts.R 1    JTokeniser took 1 ms
2018-11-03 20:31:11,722 [pool-1-thread-2] INFO  marytts.R 1    Preprocess took 2 ms
2018-11-03 20:31:11,722 [pool-1-thread-2] INFO  marytts.R 1    OpenNLPPosTagger took 4 ms
2018-11-03 20:31:11,722 [pool-1-thread-2] INFO  marytts.R 1    JPhonemiser took 2 ms
2018-11-03 20:31:11,722 [pool-1-thread-2] INFO  marytts.R 1    Prosody took 2 ms
2018-11-03 20:31:11,722 [pool-1-thread-2] INFO  marytts.R 1    PronunciationModel took 1 ms
2018-11-03 20:31:11,722 [pool-1-thread-2] INFO  marytts.R 1    AcousticModeller took 20 ms
2018-11-03 20:31:11,723 [pool-1-thread-2] INFO  marytts.R 1    Synthesis took 70 ms
2018-11-03 20:31:17,822 [pool-1-thread-2] INFO  marytts.R 1 New request (input type "TEXT", output type "AUDIO", voice "cmu-rms-hsmm", audio "WAVE")
2018-11-03 20:31:17,822 [pool-1-thread-2] INFO  marytts.R 1 Handling request using the following modules:
2018-11-03 20:31:17,822 [pool-1-thread-2] INFO  marytts.R 1 - TextToMaryXML (marytts.modules.TextToMaryXML)
2018-11-03 20:31:17,822 [pool-1-thread-2] INFO  marytts.R 1 Next module: TextToMaryXML
2018-11-03 20:31:17,823 [pool-1-thread-2] INFO  marytts.R 1 Handling request using the following modules:
2018-11-03 20:31:17,823 [pool-1-thread-2] INFO  marytts.R 1 - JTokeniser (marytts.language.en.JTokeniser)
2018-11-03 20:31:17,823 [pool-1-thread-2] INFO  marytts.R 1 - Preprocess (marytts.language.en.Preprocess)
2018-11-03 20:31:17,823 [pool-1-thread-2] INFO  marytts.R 1 - OpenNLPPosTagger (marytts.modules.OpenNLPPosTagger)
2018-11-03 20:31:17,823 [pool-1-thread-2] INFO  marytts.R 1 - JPhonemiser (marytts.modules.JPhonemiser)
2018-11-03 20:31:17,823 [pool-1-thread-2] INFO  marytts.R 1 - Prosody (marytts.language.en.Prosody)
2018-11-03 20:31:17,823 [pool-1-thread-2] INFO  marytts.R 1 - PronunciationModel (marytts.language.en.PronunciationModel)
2018-11-03 20:31:17,823 [pool-1-thread-2] INFO  marytts.R 1 - AcousticModeller (marytts.modules.AcousticModeller)
2018-11-03 20:31:17,823 [pool-1-thread-2] INFO  marytts.R 1 - Synthesis (marytts.modules.Synthesis)
2018-11-03 20:31:17,823 [pool-1-thread-2] INFO  marytts.R 1 Next module: JTokeniser
2018-11-03 20:31:17,823 [pool-1-thread-2] INFO  marytts.R 1 Next module: Preprocess
2018-11-03 20:31:17,824 [pool-1-thread-2] INFO  marytts.R 1 Next module: OpenNLPPosTagger
2018-11-03 20:31:17,824 [pool-1-thread-2] INFO  marytts.R 1 Next module: JPhonemiser
2018-11-03 20:31:17,825 [pool-1-thread-2] INFO  marytts.R 1 Next module: Prosody
2018-11-03 20:31:17,826 [pool-1-thread-2] INFO  marytts.R 1 Next module: PronunciationModel
2018-11-03 20:31:17,826 [pool-1-thread-2] INFO  marytts.R 1 Next module: AcousticModeller
2018-11-03 20:31:17,828 [pool-1-thread-2] INFO  marytts.ParameterGeneration Parameter generation for LF0: 
2018-11-03 20:31:17,828 [pool-1-thread-2] INFO  marytts.PStream Global variance optimization
2018-11-03 20:31:17,828 [pool-1-thread-2] INFO  marytts.PStream Gradient GV optimization for feature: (0)  number of iterations=12
2018-11-03 20:31:17,828 [pool-1-thread-2] INFO  marytts.R 1 Next module: Synthesis
2018-11-03 20:31:17,829 [pool-1-thread-2] INFO  marytts.HMMSynthesizer Synthesizing one sentence.
2018-11-03 20:31:17,829 [pool-1-thread-2] INFO  marytts.HTSEngine Using prosody from acoustparams.
2018-11-03 20:31:17,829 [pool-1-thread-2] INFO  marytts.HTSEngine Number of models in sentence numModel=4  Total number of states numState=20
2018-11-03 20:31:17,829 [pool-1-thread-2] INFO  marytts.HTSEngine Total number of frames=170  Number of voiced frames=48
2018-11-03 20:31:17,830 [pool-1-thread-2] INFO  marytts.ParameterGeneration Parameter generation for MGC: 
2018-11-03 20:31:17,830 [pool-1-thread-2] INFO  marytts.PStream Global variance optimization
2018-11-03 20:31:17,830 [pool-1-thread-2] INFO  marytts.PStream Gradient GV optimization for feature: (0)  number of iterations=35
2018-11-03 20:31:17,830 [pool-1-thread-2] INFO  marytts.PStream Gradient GV optimization for feature: (1)  number of iterations=2
2018-11-03 20:31:17,831 [pool-1-thread-2] INFO  marytts.PStream Gradient GV optimization for feature: (2)  number of iterations=22
2018-11-03 20:31:17,831 [pool-1-thread-2] INFO  marytts.PStream Gradient GV optimization for feature: (3)  number of iterations=18
2018-11-03 20:31:17,831 [pool-1-thread-2] INFO  marytts.PStream Gradient GV optimization for feature: (4)  number of iterations=21
2018-11-03 20:31:17,832 [pool-1-thread-2] INFO  marytts.PStream Gradient GV optimization for feature: (5)  number of iterations=26
2018-11-03 20:31:17,832 [pool-1-thread-2] INFO  marytts.PStream Gradient GV optimization for feature: (6)  number of iterations=16
2018-11-03 20:31:17,832 [pool-1-thread-2] INFO  marytts.PStream Gradient GV optimization for feature: (7)  number of iterations=19
2018-11-03 20:31:17,833 [pool-1-thread-2] INFO  marytts.PStream Gradient GV optimization for feature: (8)  number of iterations=20
2018-11-03 20:31:17,833 [pool-1-thread-2] INFO  marytts.PStream Gradient GV optimization for feature: (9)  number of iterations=23
2018-11-03 20:31:17,833 [pool-1-thread-2] INFO  marytts.PStream Gradient GV optimization for feature: (10)  number of iterations=3
2018-11-03 20:31:17,833 [pool-1-thread-2] INFO  marytts.PStream Gradient GV optimization for feature: (11)  number of iterations=17
2018-11-03 20:31:17,833 [pool-1-thread-2] INFO  marytts.PStream Gradient GV optimization for feature: (12)  number of iterations=2
2018-11-03 20:31:17,834 [pool-1-thread-2] INFO  marytts.PStream Gradient GV optimization for feature: (13)  number of iterations=9
2018-11-03 20:31:17,834 [pool-1-thread-2] INFO  marytts.PStream Gradient GV optimization for feature: (14)  number of iterations=9
2018-11-03 20:31:17,834 [pool-1-thread-2] INFO  marytts.PStream Gradient GV optimization for feature: (15)  number of iterations=9
2018-11-03 20:31:17,834 [pool-1-thread-2] INFO  marytts.PStream Gradient GV optimization for feature: (16)  number of iterations=2
2018-11-03 20:31:17,834 [pool-1-thread-2] INFO  marytts.PStream Gradient GV optimization for feature: (17)  number of iterations=10
2018-11-03 20:31:17,835 [pool-1-thread-2] INFO  marytts.PStream Gradient GV optimization for feature: (18)  number of iterations=2
2018-11-03 20:31:17,835 [pool-1-thread-2] INFO  marytts.PStream Gradient GV optimization for feature: (19)  number of iterations=11
2018-11-03 20:31:17,835 [pool-1-thread-2] INFO  marytts.PStream Gradient GV optimization for feature: (20)  number of iterations=3
2018-11-03 20:31:17,835 [pool-1-thread-2] INFO  marytts.PStream Gradient GV optimization for feature: (21)  number of iterations=3
2018-11-03 20:31:17,835 [pool-1-thread-2] INFO  marytts.PStream Gradient GV optimization for feature: (22)  number of iterations=2
2018-11-03 20:31:17,836 [pool-1-thread-2] INFO  marytts.PStream   ***Convergence problems....optimization stopped. Number of iterations: 2
2018-11-03 20:31:17,836 [pool-1-thread-2] INFO  marytts.PStream Gradient GV optimization for feature: (23)  number of iterations=2
2018-11-03 20:31:17,836 [pool-1-thread-2] INFO  marytts.PStream Gradient GV optimization for feature: (24)  number of iterations=10
2018-11-03 20:31:17,836 [pool-1-thread-2] INFO  marytts.ParameterGeneration Using f0 from maryXML acoustparams
2018-11-03 20:31:17,836 [pool-1-thread-2] INFO  marytts.PStream Global variance optimization
2018-11-03 20:31:17,836 [pool-1-thread-2] INFO  marytts.PStream Gradient GV optimization for feature: (0)  number of iterations=26
2018-11-03 20:31:17,836 [pool-1-thread-2] INFO  marytts.PStream Gradient GV optimization for feature: (1)  number of iterations=2
2018-11-03 20:31:17,837 [pool-1-thread-2] INFO  marytts.PStream Gradient GV optimization for feature: (2)  number of iterations=61
2018-11-03 20:31:17,837 [pool-1-thread-2] INFO  marytts.PStream Gradient GV optimization for feature: (3)  number of iterations=5
2018-11-03 20:31:17,837 [pool-1-thread-2] INFO  marytts.PStream Gradient GV optimization for feature: (4)  number of iterations=3
2018-11-03 20:31:17,837 [pool-1-thread-2] INFO  marytts.R 1 Request processed in 15 ms.
2018-11-03 20:31:17,838 [pool-1-thread-2] INFO  marytts.R 1    TextToMaryXML took 0 ms
2018-11-03 20:31:17,838 [pool-1-thread-2] INFO  marytts.R 1    JTokeniser took 0 ms
2018-11-03 20:31:17,838 [pool-1-thread-2] INFO  marytts.R 1    Preprocess took 1 ms
2018-11-03 20:31:17,838 [pool-1-thread-2] INFO  marytts.R 1    OpenNLPPosTagger took 0 ms
2018-11-03 20:31:17,838 [pool-1-thread-2] INFO  marytts.R 1    JPhonemiser took 1 ms
2018-11-03 20:31:17,838 [pool-1-thread-2] INFO  marytts.R 1    Prosody took 1 ms
2018-11-03 20:31:17,838 [pool-1-thread-2] INFO  marytts.R 1    PronunciationModel took 0 ms
2018-11-03 20:31:17,838 [pool-1-thread-2] INFO  marytts.R 1    AcousticModeller took 2 ms
2018-11-03 20:31:17,838 [pool-1-thread-2] INFO  marytts.R 1    Synthesis took 9 ms
2018-11-03 20:31:21,166 [pool-1-thread-2] INFO  marytts.R 1 New request (input type "TEXT", output type "AUDIO", voice "cmu-rms-hsmm", audio "WAVE")
2018-11-03 20:31:21,166 [pool-1-thread-2] INFO  marytts.R 1 Handling request using the following modules:
2018-11-03 20:31:21,167 [pool-1-thread-2] INFO  marytts.R 1 - TextToMaryXML (marytts.modules.TextToMaryXML)
2018-11-03 20:31:21,167 [pool-1-thread-2] INFO  marytts.R 1 Next module: TextToMaryXML
2018-11-03 20:31:21,167 [pool-1-thread-2] INFO  marytts.R 1 Handling request using the following modules:
2018-11-03 20:31:21,167 [pool-1-thread-2] INFO  marytts.R 1 - JTokeniser (marytts.language.en.JTokeniser)
2018-11-03 20:31:21,167 [pool-1-thread-2] INFO  marytts.R 1 - Preprocess (marytts.language.en.Preprocess)
2018-11-03 20:31:21,167 [pool-1-thread-2] INFO  marytts.R 1 - OpenNLPPosTagger (marytts.modules.OpenNLPPosTagger)
2018-11-03 20:31:21,167 [pool-1-thread-2] INFO  marytts.R 1 - JPhonemiser (marytts.modules.JPhonemiser)
2018-11-03 20:31:21,167 [pool-1-thread-2] INFO  marytts.R 1 - Prosody (marytts.language.en.Prosody)
2018-11-03 20:31:21,167 [pool-1-thread-2] INFO  marytts.R 1 - PronunciationModel (marytts.language.en.PronunciationModel)
2018-11-03 20:31:21,167 [pool-1-thread-2] INFO  marytts.R 1 - AcousticModeller (marytts.modules.AcousticModeller)
2018-11-03 20:31:21,167 [pool-1-thread-2] INFO  marytts.R 1 - Synthesis (marytts.modules.Synthesis)
2018-11-03 20:31:21,167 [pool-1-thread-2] INFO  marytts.R 1 Next module: JTokeniser
2018-11-03 20:31:21,167 [pool-1-thread-2] INFO  marytts.R 1 Next module: Preprocess
2018-11-03 20:31:21,179 [pool-1-thread-2] INFO  marytts.R 1 Next module: OpenNLPPosTagger
2018-11-03 20:31:21,179 [pool-1-thread-2] INFO  marytts.R 1 Next module: JPhonemiser
2018-11-03 20:31:21,179 [pool-1-thread-2] INFO  marytts.R 1 Next module: Prosody
2018-11-03 20:31:21,180 [pool-1-thread-2] INFO  marytts.R 1 Next module: PronunciationModel
2018-11-03 20:31:21,180 [pool-1-thread-2] INFO  marytts.R 1 Next module: AcousticModeller
2018-11-03 20:31:21,184 [pool-1-thread-2] INFO  marytts.ParameterGeneration Parameter generation for LF0: 
2018-11-03 20:31:21,184 [pool-1-thread-2] INFO  marytts.PStream Global variance optimization
2018-11-03 20:31:21,184 [pool-1-thread-2] INFO  marytts.PStream Gradient GV optimization for feature: (0)  number of iterations=2
2018-11-03 20:31:21,185 [pool-1-thread-2] INFO  marytts.R 1 Next module: Synthesis
2018-11-03 20:31:21,185 [pool-1-thread-2] INFO  marytts.HMMSynthesizer Synthesizing one sentence.
2018-11-03 20:31:21,185 [pool-1-thread-2] INFO  marytts.HTSEngine Using prosody from acoustparams.
2018-11-03 20:31:21,189 [pool-1-thread-2] INFO  marytts.HTSEngine Number of models in sentence numModel=14  Total number of states numState=70
2018-11-03 20:31:21,189 [pool-1-thread-2] INFO  marytts.HTSEngine Total number of frames=389  Number of voiced frames=218
2018-11-03 20:31:21,190 [pool-1-thread-2] INFO  marytts.ParameterGeneration Parameter generation for MGC: 
2018-11-03 20:31:21,190 [pool-1-thread-2] INFO  marytts.PStream Global variance optimization
2018-11-03 20:31:21,190 [pool-1-thread-2] INFO  marytts.PStream Gradient GV optimization for feature: (0)  number of iterations=23
2018-11-03 20:31:21,191 [pool-1-thread-2] INFO  marytts.PStream Gradient GV optimization for feature: (1)  number of iterations=41
2018-11-03 20:31:21,191 [pool-1-thread-2] INFO  marytts.PStream Gradient GV optimization for feature: (2)  number of iterations=19
2018-11-03 20:31:21,191 [pool-1-thread-2] INFO  marytts.PStream Gradient GV optimization for feature: (3)  number of iterations=20
2018-11-03 20:31:21,191 [pool-1-thread-2] INFO  marytts.PStream Gradient GV optimization for feature: (4)  number of iterations=3
2018-11-03 20:31:21,192 [pool-1-thread-2] INFO  marytts.PStream Gradient GV optimization for feature: (5)  number of iterations=3
2018-11-03 20:31:21,192 [pool-1-thread-2] INFO  marytts.PStream Gradient GV optimization for feature: (6)  number of iterations=3
2018-11-03 20:31:21,192 [pool-1-thread-2] INFO  marytts.PStream Gradient GV optimization for feature: (7)  number of iterations=17
2018-11-03 20:31:21,193 [pool-1-thread-2] INFO  marytts.PStream Gradient GV optimization for feature: (8)  number of iterations=14
2018-11-03 20:31:21,193 [pool-1-thread-2] INFO  marytts.PStream Gradient GV optimization for feature: (9)  number of iterations=3
2018-11-03 20:31:21,193 [pool-1-thread-2] INFO  marytts.PStream Gradient GV optimization for feature: (10)  number of iterations=2
2018-11-03 20:31:21,193 [pool-1-thread-2] INFO  marytts.PStream Gradient GV optimization for feature: (11)  number of iterations=25
2018-11-03 20:31:21,194 [pool-1-thread-2] INFO  marytts.PStream Gradient GV optimization for feature: (12)  number of iterations=8
2018-11-03 20:31:21,194 [pool-1-thread-2] INFO  marytts.PStream Gradient GV optimization for feature: (13)  number of iterations=9
2018-11-03 20:31:21,194 [pool-1-thread-2] INFO  marytts.PStream Gradient GV optimization for feature: (14)  number of iterations=16
2018-11-03 20:31:21,194 [pool-1-thread-2] INFO  marytts.PStream Gradient GV optimization for feature: (15)  number of iterations=19
2018-11-03 20:31:21,195 [pool-1-thread-2] INFO  marytts.PStream Gradient GV optimization for feature: (16)  number of iterations=16
2018-11-03 20:31:21,195 [pool-1-thread-2] INFO  marytts.PStream Gradient GV optimization for feature: (17)  number of iterations=18
2018-11-03 20:31:21,195 [pool-1-thread-2] INFO  marytts.PStream Gradient GV optimization for feature: (18)  number of iterations=2
2018-11-03 20:31:21,195 [pool-1-thread-2] INFO  marytts.PStream Gradient GV optimization for feature: (19)  number of iterations=3
2018-11-03 20:31:21,196 [pool-1-thread-2] INFO  marytts.PStream Gradient GV optimization for feature: (20)  number of iterations=8
2018-11-03 20:31:21,196 [pool-1-thread-2] INFO  marytts.PStream Gradient GV optimization for feature: (21)  number of iterations=3
2018-11-03 20:31:21,196 [pool-1-thread-2] INFO  marytts.PStream Gradient GV optimization for feature: (22)  number of iterations=18
2018-11-03 20:31:21,196 [pool-1-thread-2] INFO  marytts.PStream Gradient GV optimization for feature: (23)  number of iterations=5
2018-11-03 20:31:21,196 [pool-1-thread-2] INFO  marytts.PStream Gradient GV optimization for feature: (24)  number of iterations=14
2018-11-03 20:31:21,196 [pool-1-thread-2] INFO  marytts.ParameterGeneration Using f0 from maryXML acoustparams
2018-11-03 20:31:21,197 [pool-1-thread-2] INFO  marytts.PStream Global variance optimization
2018-11-03 20:31:21,198 [pool-1-thread-2] INFO  marytts.PStream Gradient GV optimization for feature: (0)  number of iterations=42
2018-11-03 20:31:21,198 [pool-1-thread-2] INFO  marytts.PStream Gradient GV optimization for feature: (1)  number of iterations=5
2018-11-03 20:31:21,198 [pool-1-thread-2] INFO  marytts.PStream Gradient GV optimization for feature: (2)  number of iterations=3
2018-11-03 20:31:21,198 [pool-1-thread-2] INFO  marytts.PStream Gradient GV optimization for feature: (3)  number of iterations=49
2018-11-03 20:31:21,199 [pool-1-thread-2] INFO  marytts.PStream Gradient GV optimization for feature: (4)  number of iterations=34
2018-11-03 20:31:21,199 [pool-1-thread-2] INFO  marytts.R 1 Request processed in 33 ms.
2018-11-03 20:31:21,199 [pool-1-thread-2] INFO  marytts.R 1    TextToMaryXML took 0 ms
2018-11-03 20:31:21,200 [pool-1-thread-2] INFO  marytts.R 1    JTokeniser took 0 ms
2018-11-03 20:31:21,200 [pool-1-thread-2] INFO  marytts.R 1    Preprocess took 12 ms
2018-11-03 20:31:21,200 [pool-1-thread-2] INFO  marytts.R 1    OpenNLPPosTagger took 0 ms
2018-11-03 20:31:21,200 [pool-1-thread-2] INFO  marytts.R 1    JPhonemiser took 0 ms
2018-11-03 20:31:21,200 [pool-1-thread-2] INFO  marytts.R 1    Prosody took 1 ms
2018-11-03 20:31:21,200 [pool-1-thread-2] INFO  marytts.R 1    PronunciationModel took 0 ms
2018-11-03 20:31:21,200 [pool-1-thread-2] INFO  marytts.R 1    AcousticModeller took 5 ms
2018-11-03 20:31:21,200 [pool-1-thread-2] INFO  marytts.R 1    Synthesis took 14 ms
